<?xml version="1.0" encoding="utf-8"?><testsuites name="pytest tests"><testsuite name="pytest" errors="0" failures="0" skipped="0" tests="17" time="4.573" timestamp="2026-01-19T09:41:27.416659+00:00" hostname="agent-env-9ec8205b-4733-4841-beef-a1915ae92a20"><testcase classname="tests.test_backend_api.TestHealthAndStats" name="test_stats_endpoint_returns_200" time="0.080" /><testcase classname="tests.test_backend_api.TestAuthentication" name="test_login_success" time="0.264" /><testcase classname="tests.test_backend_api.TestAuthentication" name="test_login_invalid_password" time="0.262" /><testcase classname="tests.test_backend_api.TestAuthentication" name="test_login_nonexistent_user" time="0.043" /><testcase classname="tests.test_backend_api.TestAuthentication" name="test_register_duplicate_email" time="0.043" /><testcase classname="tests.test_backend_api.TestAuthentication" name="test_verify_email_invalid_token" time="0.038" /><testcase classname="tests.test_backend_api.TestAuthentication" name="test_get_me_without_token" time="0.038" /><testcase classname="tests.test_backend_api.TestAuthentication" name="test_get_me_with_valid_token" time="0.305" /><testcase classname="tests.test_backend_api.TestVideoDiscovery" name="test_discover_without_auth" time="0.305" /><testcase classname="tests.test_backend_api.TestVideoDiscovery" name="test_discover_with_auth" time="0.902" /><testcase classname="tests.test_backend_api.TestVideoDiscovery" name="test_discover_with_empty_query" time="0.769" /><testcase classname="tests.test_backend_api.TestClearVideos" name="test_clear_videos_without_auth" time="0.340" /><testcase classname="tests.test_backend_api.TestClearVideos" name="test_clear_videos_with_auth" time="0.343" /><testcase classname="tests.test_backend_api.TestVideoDetails" name="test_get_video_details_without_auth" time="0.301" /><testcase classname="tests.test_backend_api.TestClipGeneration" name="test_generate_clip_without_auth" time="0.296" /><testcase classname="tests.test_backend_api.TestHistory" name="test_get_history" time="0.080" /><testcase classname="tests.test_backend_api.TestSettings" name="test_get_api_keys" time="0.039" /></testsuite></testsuites>