<?xml version="1.0" encoding="utf-8"?><testsuites name="pytest tests"><testsuite name="pytest" errors="0" failures="0" skipped="0" tests="8" time="4.896" timestamp="2026-01-22T11:15:55.059644+00:00" hostname="agent-env-b6cc83e1-a8ba-4d00-9ce7-3d5441ccfc9e"><testcase classname="tests.test_video_transcript_api.TestVideoTranscriptAPI" name="test_transcript_endpoint_returns_json_structure" time="0.856" /><testcase classname="tests.test_video_transcript_api.TestVideoTranscriptAPI" name="test_transcript_success_response_structure" time="0.382" /><testcase classname="tests.test_video_transcript_api.TestVideoTranscriptAPI" name="test_transcript_error_response_structure" time="0.472" /><testcase classname="tests.test_video_transcript_api.TestVideoTranscriptAPI" name="test_transcript_blocked_response_structure" time="1.421" /><testcase classname="tests.test_video_transcript_api.TestVideoTranscriptAPI" name="test_cached_transcript_endpoint" time="0.036" /><testcase classname="tests.test_video_transcript_api.TestVideoTranscriptAPI" name="test_transcript_segments_structure" time="0.821" /><testcase classname="tests.test_video_transcript_api.TestTranscriptEndpointNoAuth" name="test_transcript_no_auth_required" time="0.822" /><testcase classname="tests.test_video_transcript_api.TestTranscriptEndpointNoAuth" name="test_cached_transcript_no_auth_required" time="0.035" /></testsuite></testsuites>