<?xml version="1.0" encoding="utf-8"?><testsuites name="pytest tests"><testsuite name="pytest" errors="0" failures="0" skipped="0" tests="12" time="35.725" timestamp="2026-01-21T07:09:18.516476+00:00" hostname="agent-env-6de46963-ccfb-4896-ad6e-df61bbc12513"><testcase classname="tests.test_pagination_api.TestPaginationAPI" name="test_free_books_default_pagination" time="0.301" /><testcase classname="tests.test_pagination_api.TestPaginationAPI" name="test_free_books_page_1_has_50_items" time="0.277" /><testcase classname="tests.test_pagination_api.TestPaginationAPI" name="test_free_books_page_2_has_remaining_items" time="0.277" /><testcase classname="tests.test_pagination_api.TestPaginationAPI" name="test_free_books_page_1_and_2_have_different_content" time="0.290" /><testcase classname="tests.test_pagination_api.TestPaginationAPI" name="test_free_books_total_pages_calculation" time="0.278" /><testcase classname="tests.test_pagination_api.TestPaginationAPI" name="test_free_books_custom_per_page" time="0.265" /><testcase classname="tests.test_pagination_api.TestPaginationAPI" name="test_free_books_invalid_page_number" time="0.270" /><testcase classname="tests.test_pagination_api.TestPaginationAPI" name="test_free_books_search_pagination" time="0.309" /><testcase classname="tests.test_pagination_api.TestPaginationAPI" name="test_childrens_literature_pagination" time="3.076" /><testcase classname="tests.test_pagination_api.TestPaginationAPI" name="test_content_library_search_pagination" time="29.717" /><testcase classname="tests.test_pagination_api.TestPaginationAPI" name="test_pagination_with_category_filter" time="0.308" /><testcase classname="tests.test_pagination_api.TestPaginationAPI" name="test_pagination_with_grade_filter" time="0.277" /></testsuite></testsuites>