<?xml version="1.0" encoding="utf-8"?><testsuites name="pytest tests"><testsuite name="pytest" errors="0" failures="0" skipped="0" tests="19" time="31.598" timestamp="2026-01-22T05:51:21.852675+00:00" hostname="agent-env-3c7a1773-09e7-4c65-8218-e43dfd0550a9"><testcase classname="tests.test_image_search_api.TestImageSearchAPI" name="test_image_search_returns_results" time="1.075" /><testcase classname="tests.test_image_search_api.TestImageSearchAPI" name="test_image_search_multiple_sources" time="0.810" /><testcase classname="tests.test_image_search_api.TestImageSearchAPI" name="test_photo_filter_returns_photos" time="0.850" /><testcase classname="tests.test_image_search_api.TestImageSearchAPI" name="test_photo_filter_sources" time="4.821" /><testcase classname="tests.test_image_search_api.TestImageSearchAPI" name="test_illustration_filter_returns_illustrations" time="5.922" /><testcase classname="tests.test_image_search_api.TestImageSearchAPI" name="test_illustration_filter_wikimedia_source" time="6.478" /><testcase classname="tests.test_image_search_api.TestImageSearchAPI" name="test_vector_filter_returns_vectors" time="0.825" /><testcase classname="tests.test_image_search_api.TestImageSearchAPI" name="test_vector_filter_svg_search" time="0.522" /><testcase classname="tests.test_image_search_api.TestImageSearchAPI" name="test_images_have_license_info" time="1.357" /><testcase classname="tests.test_image_search_api.TestImageSearchAPI" name="test_wikimedia_cc_licenses" time="2.847" /><testcase classname="tests.test_image_search_api.TestImageSearchAPI" name="test_wikimedia_only_filter" time="2.356" /><testcase classname="tests.test_image_search_api.TestImageSearchAPI" name="test_pexels_only_filter" time="0.158" /><testcase classname="tests.test_image_search_api.TestImageSearchAPI" name="test_unsplash_only_filter" time="0.320" /><testcase classname="tests.test_image_search_api.TestImageSearchAPI" name="test_image_data_structure" time="0.721" /><testcase classname="tests.test_image_search_api.TestImageSearchAPI" name="test_image_urls_are_valid" time="0.554" /><testcase classname="tests.test_image_search_api.TestImageSearchAPI" name="test_pagination_info" time="0.608" /><testcase classname="tests.test_image_search_api.TestImageSearchAPI" name="test_pagination_page_2" time="1.063" /><testcase classname="tests.test_image_search_api.TestImageSearchAPI" name="test_empty_query_error" time="0.184" /><testcase classname="tests.test_image_search_api.TestImageSearchAPI" name="test_unauthorized_access" time="0.029" /></testsuite></testsuites>