<?xml version="1.0" encoding="utf-8"?><testsuites name="pytest tests"><testsuite name="pytest" errors="0" failures="0" skipped="0" tests="15" time="2.698" timestamp="2026-01-20T05:53:55.783564+00:00" hostname="agent-env-d38108e9-a757-4f2c-9ae4-18cf13a03167"><testcase classname="tests.test_reading_lists_api.TestReadingListsAuth" name="test_login_success" time="0.302" /><testcase classname="tests.test_reading_lists_api.TestReadingListsCRUD" name="test_get_reading_lists" time="0.299" /><testcase classname="tests.test_reading_lists_api.TestReadingListsCRUD" name="test_get_reading_lists_with_public" time="0.035" /><testcase classname="tests.test_reading_lists_api.TestReadingListsCRUD" name="test_create_reading_list" time="0.034" /><testcase classname="tests.test_reading_lists_api.TestReadingListsCRUD" name="test_get_specific_reading_list" time="0.035" /><testcase classname="tests.test_reading_lists_api.TestReadingListsCRUD" name="test_update_reading_list" time="0.100" /><testcase classname="tests.test_reading_lists_api.TestReadingListsCRUD" name="test_delete_reading_list" time="0.145" /><testcase classname="tests.test_reading_lists_api.TestReadingListBooks" name="test_add_book_to_list" time="0.356" /><testcase classname="tests.test_reading_lists_api.TestReadingListBooks" name="test_add_duplicate_book_fails" time="0.106" /><testcase classname="tests.test_reading_lists_api.TestReadingListBooks" name="test_remove_book_from_list" time="0.174" /><testcase classname="tests.test_reading_lists_api.TestReadingListCopy" name="test_copy_reading_list" time="0.323" /><testcase classname="tests.test_reading_lists_api.TestReadingListValidation" name="test_create_list_without_name_fails" time="0.293" /><testcase classname="tests.test_reading_lists_api.TestReadingListValidation" name="test_get_nonexistent_list_returns_404" time="0.034" /><testcase classname="tests.test_reading_lists_api.TestReadingListValidation" name="test_unauthorized_access_fails" time="0.028" /><testcase classname="tests.test_reading_lists_api.TestExistingReadingList" name="test_existing_grade3_stories_list" time="0.329" /></testsuite></testsuites>