<?xml version="1.0" encoding="utf-8"?><testsuites name="pytest tests"><testsuite name="pytest" errors="0" failures="0" skipped="0" tests="13" time="3.986" timestamp="2026-01-20T05:22:12.585771+00:00" hostname="agent-env-d38108e9-a757-4f2c-9ae4-18cf13a03167"><testcase classname="tests.test_free_books_api.TestFreeBooksAPI" name="test_free_books_without_auth" time="0.326" /><testcase classname="tests.test_free_books_api.TestFreeBooksAPI" name="test_free_books_returns_books" time="0.287" /><testcase classname="tests.test_free_books_api.TestFreeBooksAPI" name="test_free_books_category_filter_stories" time="0.289" /><testcase classname="tests.test_free_books_api.TestFreeBooksAPI" name="test_free_books_category_filter_poetry" time="0.291" /><testcase classname="tests.test_free_books_api.TestFreeBooksAPI" name="test_free_books_category_filter_grammar" time="0.286" /><testcase classname="tests.test_free_books_api.TestFreeBooksAPI" name="test_free_books_category_filter_math" time="0.281" /><testcase classname="tests.test_free_books_api.TestFreeBooksAPI" name="test_free_books_category_filter_science" time="0.326" /><testcase classname="tests.test_free_books_api.TestFreeBooksAPI" name="test_free_books_search_without_auth" time="0.286" /><testcase classname="tests.test_free_books_api.TestFreeBooksAPI" name="test_free_books_search_by_title" time="0.293" /><testcase classname="tests.test_free_books_api.TestFreeBooksAPI" name="test_free_books_search_by_author" time="0.287" /><testcase classname="tests.test_free_books_api.TestFreeBooksAPI" name="test_free_books_search_no_results" time="0.304" /><testcase classname="tests.test_free_books_api.TestFreeBooksAPI" name="test_free_books_book_structure" time="0.290" /><testcase classname="tests.test_free_books_api.TestDiscoverVideos" name="test_discover_returns_cached_videos" time="0.372" /></testsuite></testsuites>